{"D:\\Testing and Learning\\FullStackOpen\\fullstackopen\\part4\\bloglist-backend\\src\\app.js": {"path":"D:\\Testing and Learning\\FullStackOpen\\fullstackopen\\part4\\bloglist-backend\\src\\app.js","statementMap":{"0":{"start":{"line":1,"column":16},"end":{"line":1,"column":34}},"1":{"start":{"line":2,"column":17},"end":{"line":2,"column":36}},"2":{"start":{"line":3,"column":13},"end":{"line":3,"column":28}},"3":{"start":{"line":4,"column":0},"end":{"line":4,"column":32}},"4":{"start":{"line":5,"column":15},"end":{"line":5,"column":40}},"5":{"start":{"line":6,"column":20},"end":{"line":6,"column":52}},"6":{"start":{"line":7,"column":20},"end":{"line":7,"column":52}},"7":{"start":{"line":8,"column":21},"end":{"line":8,"column":54}},"8":{"start":{"line":9,"column":19},"end":{"line":9,"column":48}},"9":{"start":{"line":10,"column":12},"end":{"line":10,"column":21}},"10":{"start":{"line":12,"column":0},"end":{"line":12,"column":35}},"11":{"start":{"line":14,"column":0},"end":{"line":14,"column":16}},"12":{"start":{"line":15,"column":0},"end":{"line":15,"column":24}},"13":{"start":{"line":16,"column":0},"end":{"line":16,"column":35}},"14":{"start":{"line":17,"column":0},"end":{"line":17,"column":35}},"15":{"start":{"line":18,"column":0},"end":{"line":18,"column":35}},"16":{"start":{"line":19,"column":0},"end":{"line":19,"column":36}},"17":{"start":{"line":20,"column":0},"end":{"line":20,"column":33}},"18":{"start":{"line":22,"column":0},"end":{"line":22,"column":21}}},"fnMap":{},"branchMap":{},"s":{"0":3,"1":3,"2":3,"3":3,"4":3,"5":3,"6":3,"7":3,"8":3,"9":3,"10":3,"11":3,"12":3,"13":3,"14":3,"15":3,"16":3,"17":3,"18":3},"f":{},"b":{},"_coverageSchema":"1a1c01bbd47fc00a2c39e90264f33305004495a9","hash":"ef567f8707732bbd15ccd38bb31dff74a1faabff"}
,"D:\\Testing and Learning\\FullStackOpen\\fullstackopen\\part4\\bloglist-backend\\src\\models\\blog.js": {"path":"D:\\Testing and Learning\\FullStackOpen\\fullstackopen\\part4\\bloglist-backend\\src\\models\\blog.js","statementMap":{"0":{"start":{"line":1,"column":17},"end":{"line":1,"column":36}},"1":{"start":{"line":3,"column":19},"end":{"line":18,"column":2}},"2":{"start":{"line":20,"column":0},"end":{"line":26,"column":3}},"3":{"start":{"line":22,"column":4},"end":{"line":22,"column":54}},"4":{"start":{"line":23,"column":4},"end":{"line":23,"column":30}},"5":{"start":{"line":24,"column":4},"end":{"line":24,"column":30}},"6":{"start":{"line":28,"column":0},"end":{"line":28,"column":52}}},"fnMap":{"0":{"name":"(anonymous_0)","decl":{"start":{"line":21,"column":13},"end":{"line":21,"column":14}},"loc":{"start":{"line":21,"column":36},"end":{"line":25,"column":3}},"line":21}},"branchMap":{},"s":{"0":3,"1":3,"2":3,"3":7,"4":7,"5":7,"6":3},"f":{"0":7},"b":{},"_coverageSchema":"1a1c01bbd47fc00a2c39e90264f33305004495a9","hash":"9898c477ec017e1949222971661321d45322a851"}
,"D:\\Testing and Learning\\FullStackOpen\\fullstackopen\\part4\\bloglist-backend\\src\\models\\user.js": {"path":"D:\\Testing and Learning\\FullStackOpen\\fullstackopen\\part4\\bloglist-backend\\src\\models\\user.js","statementMap":{"0":{"start":{"line":1,"column":17},"end":{"line":1,"column":36}},"1":{"start":{"line":2,"column":24},"end":{"line":2,"column":60}},"2":{"start":{"line":4,"column":19},"end":{"line":22,"column":2}},"3":{"start":{"line":24,"column":0},"end":{"line":31,"column":3}},"4":{"start":{"line":26,"column":4},"end":{"line":26,"column":54}},"5":{"start":{"line":27,"column":4},"end":{"line":27,"column":30}},"6":{"start":{"line":28,"column":4},"end":{"line":28,"column":30}},"7":{"start":{"line":29,"column":4},"end":{"line":29,"column":35}},"8":{"start":{"line":32,"column":0},"end":{"line":32,"column":35}},"9":{"start":{"line":34,"column":0},"end":{"line":34,"column":52}}},"fnMap":{"0":{"name":"(anonymous_0)","decl":{"start":{"line":25,"column":13},"end":{"line":25,"column":14}},"loc":{"start":{"line":25,"column":36},"end":{"line":30,"column":3}},"line":25}},"branchMap":{},"s":{"0":3,"1":3,"2":3,"3":3,"4":10,"5":10,"6":10,"7":10,"8":3,"9":3},"f":{"0":10},"b":{},"_coverageSchema":"1a1c01bbd47fc00a2c39e90264f33305004495a9","hash":"a51317ce8bf508d8c195f3fcfee9eb7fc9c0be05"}
,"D:\\Testing and Learning\\FullStackOpen\\fullstackopen\\part4\\bloglist-backend\\src\\routers\\blogsRouter.js": {"path":"D:\\Testing and Learning\\FullStackOpen\\fullstackopen\\part4\\bloglist-backend\\src\\routers\\blogsRouter.js","statementMap":{"0":{"start":{"line":1,"column":20},"end":{"line":1,"column":47}},"1":{"start":{"line":2,"column":13},"end":{"line":2,"column":38}},"2":{"start":{"line":3,"column":13},"end":{"line":3,"column":38}},"3":{"start":{"line":4,"column":19},"end":{"line":4,"column":49}},"4":{"start":{"line":6,"column":0},"end":{"line":11,"column":3}},"5":{"start":{"line":7,"column":16},"end":{"line":9,"column":47}},"6":{"start":{"line":10,"column":2},"end":{"line":10,"column":25}},"7":{"start":{"line":13,"column":0},"end":{"line":31,"column":3}},"8":{"start":{"line":14,"column":42},"end":{"line":14,"column":50}},"9":{"start":{"line":16,"column":15},"end":{"line":22,"column":4}},"10":{"start":{"line":24,"column":20},"end":{"line":24,"column":37}},"11":{"start":{"line":25,"column":18},"end":{"line":25,"column":47}},"12":{"start":{"line":26,"column":2},"end":{"line":28,"column":5}},"13":{"start":{"line":30,"column":2},"end":{"line":30,"column":41}},"14":{"start":{"line":33,"column":0},"end":{"line":45,"column":3}},"15":{"start":{"line":34,"column":23},"end":{"line":34,"column":33}},"16":{"start":{"line":35,"column":17},"end":{"line":35,"column":44}},"17":{"start":{"line":37,"column":2},"end":{"line":44,"column":3}},"18":{"start":{"line":38,"column":4},"end":{"line":38,"column":41}},"19":{"start":{"line":39,"column":4},"end":{"line":39,"column":33}},"20":{"start":{"line":41,"column":4},"end":{"line":43,"column":7}},"21":{"start":{"line":47,"column":0},"end":{"line":56,"column":3}},"22":{"start":{"line":48,"column":15},"end":{"line":48,"column":25}},"23":{"start":{"line":49,"column":38},"end":{"line":49,"column":46}},"24":{"start":{"line":51,"column":22},"end":{"line":53,"column":17}},"25":{"start":{"line":55,"column":2},"end":{"line":55,"column":31}},"26":{"start":{"line":58,"column":0},"end":{"line":58,"column":29}}},"fnMap":{"0":{"name":"(anonymous_0)","decl":{"start":{"line":6,"column":21},"end":{"line":6,"column":22}},"loc":{"start":{"line":6,"column":39},"end":{"line":11,"column":1}},"line":6},"1":{"name":"(anonymous_1)","decl":{"start":{"line":13,"column":48},"end":{"line":13,"column":49}},"loc":{"start":{"line":13,"column":68},"end":{"line":31,"column":1}},"line":13},"2":{"name":"(anonymous_2)","decl":{"start":{"line":33,"column":53},"end":{"line":33,"column":54}},"loc":{"start":{"line":33,"column":73},"end":{"line":45,"column":1}},"line":33},"3":{"name":"(anonymous_3)","decl":{"start":{"line":47,"column":24},"end":{"line":47,"column":25}},"loc":{"start":{"line":47,"column":44},"end":{"line":56,"column":1}},"line":47}},"branchMap":{"0":{"loc":{"start":{"line":14,"column":29},"end":{"line":14,"column":38}},"type":"default-arg","locations":[{"start":{"line":14,"column":37},"end":{"line":14,"column":38}}],"line":14},"1":{"loc":{"start":{"line":37,"column":2},"end":{"line":44,"column":3}},"type":"if","locations":[{"start":{"line":37,"column":2},"end":{"line":44,"column":3}},{"start":{"line":40,"column":9},"end":{"line":44,"column":3}}],"line":37}},"s":{"0":3,"1":3,"2":3,"3":3,"4":3,"5":3,"6":3,"7":3,"8":3,"9":3,"10":3,"11":2,"12":2,"13":2,"14":3,"15":2,"16":2,"17":2,"18":1,"19":1,"20":1,"21":3,"22":1,"23":1,"24":1,"25":1,"26":3},"f":{"0":3,"1":3,"2":2,"3":1},"b":{"0":[1],"1":[1,1]},"_coverageSchema":"1a1c01bbd47fc00a2c39e90264f33305004495a9","hash":"fce0dd31557dadec165c65d3ccd2b4c3b38a0e4b"}
,"D:\\Testing and Learning\\FullStackOpen\\fullstackopen\\part4\\bloglist-backend\\src\\routers\\loginsRouter.js": {"path":"D:\\Testing and Learning\\FullStackOpen\\fullstackopen\\part4\\bloglist-backend\\src\\routers\\loginsRouter.js","statementMap":{"0":{"start":{"line":1,"column":21},"end":{"line":1,"column":48}},"1":{"start":{"line":2,"column":15},"end":{"line":2,"column":32}},"2":{"start":{"line":3,"column":12},"end":{"line":3,"column":35}},"3":{"start":{"line":4,"column":15},"end":{"line":4,"column":41}},"4":{"start":{"line":5,"column":13},"end":{"line":5,"column":38}},"5":{"start":{"line":7,"column":0},"end":{"line":27,"column":3}},"6":{"start":{"line":8,"column":31},"end":{"line":8,"column":39}},"7":{"start":{"line":10,"column":48},"end":{"line":10,"column":78}},"8":{"start":{"line":11,"column":28},"end":{"line":11,"column":74}},"9":{"start":{"line":13,"column":2},"end":{"line":17,"column":3}},"10":{"start":{"line":14,"column":4},"end":{"line":16,"column":7}},"11":{"start":{"line":19,"column":18},"end":{"line":19,"column":27}},"12":{"start":{"line":20,"column":16},"end":{"line":20,"column":58}},"13":{"start":{"line":22,"column":2},"end":{"line":26,"column":5}},"14":{"start":{"line":29,"column":0},"end":{"line":29,"column":30}}},"fnMap":{"0":{"name":"(anonymous_0)","decl":{"start":{"line":7,"column":23},"end":{"line":7,"column":24}},"loc":{"start":{"line":7,"column":43},"end":{"line":27,"column":1}},"line":7}},"branchMap":{"0":{"loc":{"start":{"line":13,"column":2},"end":{"line":17,"column":3}},"type":"if","locations":[{"start":{"line":13,"column":2},"end":{"line":17,"column":3}},{"start":{},"end":{}}],"line":13}},"s":{"0":3,"1":3,"2":3,"3":3,"4":3,"5":3,"6":2,"7":2,"8":2,"9":2,"10":1,"11":1,"12":1,"13":1,"14":3},"f":{"0":2},"b":{"0":[1,1]},"_coverageSchema":"1a1c01bbd47fc00a2c39e90264f33305004495a9","hash":"ca8b2b0cefb4d8bb11ff9eb447b594cd77aea992"}
,"D:\\Testing and Learning\\FullStackOpen\\fullstackopen\\part4\\bloglist-backend\\src\\routers\\usersRouter.js": {"path":"D:\\Testing and Learning\\FullStackOpen\\fullstackopen\\part4\\bloglist-backend\\src\\routers\\usersRouter.js","statementMap":{"0":{"start":{"line":1,"column":15},"end":{"line":1,"column":32}},"1":{"start":{"line":2,"column":20},"end":{"line":2,"column":47}},"2":{"start":{"line":3,"column":15},"end":{"line":3,"column":41}},"3":{"start":{"line":4,"column":13},"end":{"line":4,"column":38}},"4":{"start":{"line":6,"column":0},"end":{"line":25,"column":3}},"5":{"start":{"line":7,"column":42},"end":{"line":7,"column":50}},"6":{"start":{"line":9,"column":2},"end":{"line":13,"column":3}},"7":{"start":{"line":10,"column":4},"end":{"line":12,"column":7}},"8":{"start":{"line":15,"column":25},"end":{"line":15,"column":75}},"9":{"start":{"line":17,"column":15},"end":{"line":21,"column":4}},"10":{"start":{"line":23,"column":20},"end":{"line":23,"column":37}},"11":{"start":{"line":24,"column":2},"end":{"line":24,"column":41}},"12":{"start":{"line":27,"column":0},"end":{"line":32,"column":3}},"13":{"start":{"line":28,"column":16},"end":{"line":30,"column":55}},"14":{"start":{"line":31,"column":2},"end":{"line":31,"column":25}},"15":{"start":{"line":34,"column":0},"end":{"line":34,"column":29}}},"fnMap":{"0":{"name":"(anonymous_0)","decl":{"start":{"line":6,"column":22},"end":{"line":6,"column":23}},"loc":{"start":{"line":6,"column":42},"end":{"line":25,"column":1}},"line":6},"1":{"name":"(anonymous_1)","decl":{"start":{"line":27,"column":21},"end":{"line":27,"column":22}},"loc":{"start":{"line":27,"column":39},"end":{"line":32,"column":1}},"line":27}},"branchMap":{"0":{"loc":{"start":{"line":7,"column":19},"end":{"line":7,"column":32}},"type":"default-arg","locations":[{"start":{"line":7,"column":30},"end":{"line":7,"column":32}}],"line":7},"1":{"loc":{"start":{"line":9,"column":2},"end":{"line":13,"column":3}},"type":"if","locations":[{"start":{"line":9,"column":2},"end":{"line":13,"column":3}},{"start":{},"end":{}}],"line":9}},"s":{"0":3,"1":3,"2":3,"3":3,"4":3,"5":6,"6":6,"7":2,"8":4,"9":4,"10":4,"11":1,"12":3,"13":2,"14":2,"15":3},"f":{"0":6,"1":2},"b":{"0":[1],"1":[2,4]},"_coverageSchema":"1a1c01bbd47fc00a2c39e90264f33305004495a9","hash":"7fa4f62fd100cb2d0d67e124b99a6d7037eb11a8"}
,"D:\\Testing and Learning\\FullStackOpen\\fullstackopen\\part4\\bloglist-backend\\src\\utils\\config.js": {"path":"D:\\Testing and Learning\\FullStackOpen\\fullstackopen\\part4\\bloglist-backend\\src\\utils\\config.js","statementMap":{"0":{"start":{"line":1,"column":0},"end":{"line":1,"column":27}},"1":{"start":{"line":3,"column":18},"end":{"line":5,"column":23}},"2":{"start":{"line":6,"column":23},"end":{"line":6,"column":59}},"3":{"start":{"line":7,"column":25},"end":{"line":7,"column":53}},"4":{"start":{"line":9,"column":0},"end":{"line":13,"column":2}}},"fnMap":{},"branchMap":{"0":{"loc":{"start":{"line":3,"column":18},"end":{"line":5,"column":23}},"type":"cond-expr","locations":[{"start":{"line":4,"column":2},"end":{"line":4,"column":28}},{"start":{"line":5,"column":2},"end":{"line":5,"column":23}}],"line":3}},"s":{"0":3,"1":3,"2":3,"3":3,"4":3},"f":{},"b":{"0":[3,0]},"_coverageSchema":"1a1c01bbd47fc00a2c39e90264f33305004495a9","hash":"d267c55a39d05d0425d7ed40f44389428c350c59"}
,"D:\\Testing and Learning\\FullStackOpen\\fullstackopen\\part4\\bloglist-backend\\src\\utils\\list_helper.js": {"path":"D:\\Testing and Learning\\FullStackOpen\\fullstackopen\\part4\\bloglist-backend\\src\\utils\\list_helper.js","statementMap":{"0":{"start":{"line":1,"column":16},"end":{"line":1,"column":41}},"1":{"start":{"line":2,"column":14},"end":{"line":2,"column":37}},"2":{"start":{"line":3,"column":14},"end":{"line":3,"column":37}},"3":{"start":{"line":5,"column":14},"end":{"line":7,"column":1}},"4":{"start":{"line":6,"column":2},"end":{"line":6,"column":11}},"5":{"start":{"line":9,"column":19},"end":{"line":11,"column":1}},"6":{"start":{"line":10,"column":2},"end":{"line":10,"column":31}},"7":{"start":{"line":13,"column":21},"end":{"line":18,"column":1}},"8":{"start":{"line":14,"column":19},"end":{"line":14,"column":50}},"9":{"start":{"line":14,"column":39},"end":{"line":14,"column":49}},"10":{"start":{"line":15,"column":20},"end":{"line":15,"column":41}},"11":{"start":{"line":16,"column":33},"end":{"line":16,"column":79}},"12":{"start":{"line":16,"column":54},"end":{"line":16,"column":78}},"13":{"start":{"line":17,"column":2},"end":{"line":17,"column":32}},"14":{"start":{"line":20,"column":18},"end":{"line":25,"column":1}},"15":{"start":{"line":21,"column":18},"end":{"line":21,"column":53}},"16":{"start":{"line":21,"column":41},"end":{"line":21,"column":52}},"17":{"start":{"line":22,"column":28},"end":{"line":22,"column":60}},"18":{"start":{"line":23,"column":26},"end":{"line":23,"column":63}},"19":{"start":{"line":23,"column":58},"end":{"line":23,"column":62}},"20":{"start":{"line":24,"column":2},"end":{"line":24,"column":25}},"21":{"start":{"line":27,"column":18},"end":{"line":37,"column":1}},"22":{"start":{"line":28,"column":18},"end":{"line":28,"column":50}},"23":{"start":{"line":28,"column":38},"end":{"line":28,"column":49}},"24":{"start":{"line":29,"column":28},"end":{"line":29,"column":30}},"25":{"start":{"line":30,"column":2},"end":{"line":35,"column":5}},"26":{"start":{"line":31,"column":18},"end":{"line":33,"column":47}},"27":{"start":{"line":32,"column":23},"end":{"line":32,"column":64}},"28":{"start":{"line":33,"column":32},"end":{"line":33,"column":43}},"29":{"start":{"line":34,"column":4},"end":{"line":34,"column":44}},"30":{"start":{"line":36,"column":2},"end":{"line":36,"column":50}},"31":{"start":{"line":36,"column":41},"end":{"line":36,"column":48}},"32":{"start":{"line":39,"column":0},"end":{"line":45,"column":2}}},"fnMap":{"0":{"name":"(anonymous_0)","decl":{"start":{"line":5,"column":14},"end":{"line":5,"column":15}},"loc":{"start":{"line":5,"column":25},"end":{"line":7,"column":1}},"line":5},"1":{"name":"(anonymous_1)","decl":{"start":{"line":9,"column":19},"end":{"line":9,"column":20}},"loc":{"start":{"line":9,"column":30},"end":{"line":11,"column":1}},"line":9},"2":{"name":"(anonymous_2)","decl":{"start":{"line":13,"column":21},"end":{"line":13,"column":22}},"loc":{"start":{"line":13,"column":32},"end":{"line":18,"column":1}},"line":13},"3":{"name":"(anonymous_3)","decl":{"start":{"line":14,"column":29},"end":{"line":14,"column":30}},"loc":{"start":{"line":14,"column":39},"end":{"line":14,"column":49}},"line":14},"4":{"name":"(anonymous_4)","decl":{"start":{"line":16,"column":44},"end":{"line":16,"column":45}},"loc":{"start":{"line":16,"column":54},"end":{"line":16,"column":78}},"line":16},"5":{"name":"(anonymous_5)","decl":{"start":{"line":20,"column":18},"end":{"line":20,"column":19}},"loc":{"start":{"line":20,"column":32},"end":{"line":25,"column":1}},"line":20},"6":{"name":"(anonymous_6)","decl":{"start":{"line":21,"column":31},"end":{"line":21,"column":32}},"loc":{"start":{"line":21,"column":41},"end":{"line":21,"column":52}},"line":21},"7":{"name":"(anonymous_7)","decl":{"start":{"line":23,"column":51},"end":{"line":23,"column":52}},"loc":{"start":{"line":23,"column":58},"end":{"line":23,"column":62}},"line":23},"8":{"name":"(anonymous_8)","decl":{"start":{"line":27,"column":18},"end":{"line":27,"column":19}},"loc":{"start":{"line":27,"column":29},"end":{"line":37,"column":1}},"line":27},"9":{"name":"(anonymous_9)","decl":{"start":{"line":28,"column":28},"end":{"line":28,"column":29}},"loc":{"start":{"line":28,"column":38},"end":{"line":28,"column":49}},"line":28},"10":{"name":"(anonymous_10)","decl":{"start":{"line":30,"column":18},"end":{"line":30,"column":19}},"loc":{"start":{"line":30,"column":30},"end":{"line":35,"column":3}},"line":30},"11":{"name":"(anonymous_11)","decl":{"start":{"line":32,"column":13},"end":{"line":32,"column":14}},"loc":{"start":{"line":32,"column":23},"end":{"line":32,"column":64}},"line":32},"12":{"name":"(anonymous_12)","decl":{"start":{"line":33,"column":16},"end":{"line":33,"column":17}},"loc":{"start":{"line":33,"column":32},"end":{"line":33,"column":43}},"line":33},"13":{"name":"(anonymous_13)","decl":{"start":{"line":36,"column":34},"end":{"line":36,"column":35}},"loc":{"start":{"line":36,"column":41},"end":{"line":36,"column":48}},"line":36}},"branchMap":{"0":{"loc":{"start":{"line":32,"column":23},"end":{"line":32,"column":64}},"type":"cond-expr","locations":[{"start":{"line":32,"column":50},"end":{"line":32,"column":60}},{"start":{"line":32,"column":63},"end":{"line":32,"column":64}}],"line":32}},"s":{"0":1,"1":1,"2":1,"3":1,"4":1,"5":1,"6":3,"7":1,"8":1,"9":6,"10":1,"11":1,"12":3,"13":1,"14":1,"15":1,"16":6,"17":1,"18":1,"19":3,"20":1,"21":1,"22":1,"23":6,"24":1,"25":1,"26":6,"27":36,"28":36,"29":6,"30":1,"31":6,"32":1},"f":{"0":1,"1":3,"2":1,"3":6,"4":3,"5":1,"6":6,"7":3,"8":1,"9":6,"10":6,"11":36,"12":36,"13":6},"b":{"0":[14,22]},"_coverageSchema":"1a1c01bbd47fc00a2c39e90264f33305004495a9","hash":"8f66f1e1f547602be365dec8c18f2373622fbc91"}
,"D:\\Testing and Learning\\FullStackOpen\\fullstackopen\\part4\\bloglist-backend\\src\\utils\\middleware.js": {"path":"D:\\Testing and Learning\\FullStackOpen\\fullstackopen\\part4\\bloglist-backend\\src\\utils\\middleware.js","statementMap":{"0":{"start":{"line":1,"column":12},"end":{"line":1,"column":35}},"1":{"start":{"line":2,"column":15},"end":{"line":2,"column":41}},"2":{"start":{"line":4,"column":21},"end":{"line":14,"column":1}},"3":{"start":{"line":5,"column":26},"end":{"line":5,"column":29}},"4":{"start":{"line":7,"column":2},"end":{"line":11,"column":3}},"5":{"start":{"line":8,"column":4},"end":{"line":8,"column":47}},"6":{"start":{"line":9,"column":9},"end":{"line":11,"column":3}},"7":{"start":{"line":10,"column":4},"end":{"line":10,"column":63}},"8":{"start":{"line":13,"column":2},"end":{"line":13,"column":9}},"9":{"start":{"line":16,"column":23},"end":{"line":24,"column":1}},"10":{"start":{"line":17,"column":24},"end":{"line":17,"column":48}},"11":{"start":{"line":19,"column":2},"end":{"line":21,"column":3}},"12":{"start":{"line":20,"column":4},"end":{"line":20,"column":43}},"13":{"start":{"line":23,"column":2},"end":{"line":23,"column":9}},"14":{"start":{"line":26,"column":22},"end":{"line":37,"column":1}},"15":{"start":{"line":27,"column":2},"end":{"line":31,"column":3}},"16":{"start":{"line":28,"column":4},"end":{"line":30,"column":7}},"17":{"start":{"line":33,"column":15},"end":{"line":33,"column":61}},"18":{"start":{"line":34,"column":2},"end":{"line":34,"column":16}},"19":{"start":{"line":36,"column":2},"end":{"line":36,"column":9}},"20":{"start":{"line":39,"column":0},"end":{"line":43,"column":2}}},"fnMap":{"0":{"name":"(anonymous_0)","decl":{"start":{"line":4,"column":21},"end":{"line":4,"column":22}},"loc":{"start":{"line":4,"column":44},"end":{"line":14,"column":1}},"line":4},"1":{"name":"(anonymous_1)","decl":{"start":{"line":16,"column":23},"end":{"line":16,"column":24}},"loc":{"start":{"line":16,"column":41},"end":{"line":24,"column":1}},"line":16},"2":{"name":"(anonymous_2)","decl":{"start":{"line":26,"column":22},"end":{"line":26,"column":23}},"loc":{"start":{"line":26,"column":42},"end":{"line":37,"column":1}},"line":26}},"branchMap":{"0":{"loc":{"start":{"line":7,"column":2},"end":{"line":11,"column":3}},"type":"if","locations":[{"start":{"line":7,"column":2},"end":{"line":11,"column":3}},{"start":{"line":9,"column":9},"end":{"line":11,"column":3}}],"line":7},"1":{"loc":{"start":{"line":9,"column":9},"end":{"line":11,"column":3}},"type":"if","locations":[{"start":{"line":9,"column":9},"end":{"line":11,"column":3}},{"start":{},"end":{}}],"line":9},"2":{"loc":{"start":{"line":19,"column":2},"end":{"line":21,"column":3}},"type":"if","locations":[{"start":{"line":19,"column":2},"end":{"line":21,"column":3}},{"start":{},"end":{}}],"line":19},"3":{"loc":{"start":{"line":19,"column":6},"end":{"line":19,"column":72}},"type":"binary-expr","locations":[{"start":{"line":19,"column":6},"end":{"line":19,"column":19}},{"start":{"line":19,"column":23},"end":{"line":19,"column":72}}],"line":19},"4":{"loc":{"start":{"line":27,"column":2},"end":{"line":31,"column":3}},"type":"if","locations":[{"start":{"line":27,"column":2},"end":{"line":31,"column":3}},{"start":{},"end":{}}],"line":27}},"s":{"0":3,"1":3,"2":3,"3":5,"4":5,"5":4,"6":1,"7":1,"8":5,"9":3,"10":22,"11":22,"12":6,"13":22,"14":3,"15":8,"16":2,"17":6,"18":5,"19":5,"20":3},"f":{"0":5,"1":22,"2":8},"b":{"0":[4,1],"1":[1,0],"2":[6,16],"3":[22,6],"4":[2,6]},"_coverageSchema":"1a1c01bbd47fc00a2c39e90264f33305004495a9","hash":"b05cd2e93a58d1bc23311ce6a2a8a155c62b3a5a"}
}
