TN:
SF:src\app.js
FNF:0
FNH:0
DA:1,3
DA:2,3
DA:3,3
DA:4,3
DA:5,3
DA:6,3
DA:7,3
DA:8,3
DA:9,3
DA:10,3
DA:12,3
DA:14,3
DA:15,3
DA:16,3
DA:17,3
DA:18,3
DA:19,3
DA:20,3
DA:22,3
LF:19
LH:19
BRF:0
BRH:0
end_of_record
TN:
SF:src\models\blog.js
FN:21,(anonymous_0)
FNF:1
FNH:1
FNDA:7,(anonymous_0)
DA:1,3
DA:3,3
DA:20,3
DA:22,7
DA:23,7
DA:24,7
DA:28,3
LF:7
LH:7
BRF:0
BRH:0
end_of_record
TN:
SF:src\models\user.js
FN:25,(anonymous_0)
FNF:1
FNH:1
FNDA:10,(anonymous_0)
DA:1,3
DA:2,3
DA:4,3
DA:24,3
DA:26,10
DA:27,10
DA:28,10
DA:29,10
DA:32,3
DA:34,3
LF:10
LH:10
BRF:0
BRH:0
end_of_record
TN:
SF:src\routers\blogsRouter.js
FN:6,(anonymous_0)
FN:13,(anonymous_1)
FN:33,(anonymous_2)
FN:47,(anonymous_3)
FNF:4
FNH:4
FNDA:3,(anonymous_0)
FNDA:3,(anonymous_1)
FNDA:2,(anonymous_2)
FNDA:1,(anonymous_3)
DA:1,3
DA:2,3
DA:3,3
DA:4,3
DA:6,3
DA:7,3
DA:10,3
DA:13,3
DA:14,3
DA:16,3
DA:24,3
DA:25,2
DA:26,2
DA:30,2
DA:33,3
DA:34,2
DA:35,2
DA:37,2
DA:38,1
DA:39,1
DA:41,1
DA:47,3
DA:48,1
DA:49,1
DA:51,1
DA:55,1
DA:58,3
LF:27
LH:27
BRDA:14,0,0,1
BRDA:37,1,0,1
BRDA:37,1,1,1
BRF:3
BRH:3
end_of_record
TN:
SF:src\routers\loginsRouter.js
FN:7,(anonymous_0)
FNF:1
FNH:1
FNDA:2,(anonymous_0)
DA:1,3
DA:2,3
DA:3,3
DA:4,3
DA:5,3
DA:7,3
DA:8,2
DA:10,2
DA:11,2
DA:13,2
DA:14,1
DA:19,1
DA:20,1
DA:22,1
DA:29,3
LF:15
LH:15
BRDA:13,0,0,1
BRDA:13,0,1,1
BRF:2
BRH:2
end_of_record
TN:
SF:src\routers\usersRouter.js
FN:6,(anonymous_0)
FN:27,(anonymous_1)
FNF:2
FNH:2
FNDA:6,(anonymous_0)
FNDA:2,(anonymous_1)
DA:1,3
DA:2,3
DA:3,3
DA:4,3
DA:6,3
DA:7,6
DA:9,6
DA:10,2
DA:15,4
DA:17,4
DA:23,4
DA:24,1
DA:27,3
DA:28,2
DA:31,2
DA:34,3
LF:16
LH:16
BRDA:7,0,0,1
BRDA:9,1,0,2
BRDA:9,1,1,4
BRF:3
BRH:3
end_of_record
TN:
SF:src\utils\config.js
FNF:0
FNH:0
DA:1,3
DA:3,3
DA:6,3
DA:7,3
DA:9,3
LF:5
LH:5
BRDA:3,0,0,3
BRDA:3,0,1,0
BRF:2
BRH:1
end_of_record
TN:
SF:src\utils\list_helper.js
FN:5,(anonymous_0)
FN:9,(anonymous_1)
FN:13,(anonymous_2)
FN:14,(anonymous_3)
FN:16,(anonymous_4)
FN:20,(anonymous_5)
FN:21,(anonymous_6)
FN:23,(anonymous_7)
FN:27,(anonymous_8)
FN:28,(anonymous_9)
FN:30,(anonymous_10)
FN:32,(anonymous_11)
FN:33,(anonymous_12)
FN:36,(anonymous_13)
FNF:14
FNH:14
FNDA:1,(anonymous_0)
FNDA:3,(anonymous_1)
FNDA:1,(anonymous_2)
FNDA:6,(anonymous_3)
FNDA:3,(anonymous_4)
FNDA:1,(anonymous_5)
FNDA:6,(anonymous_6)
FNDA:3,(anonymous_7)
FNDA:1,(anonymous_8)
FNDA:6,(anonymous_9)
FNDA:6,(anonymous_10)
FNDA:36,(anonymous_11)
FNDA:36,(anonymous_12)
FNDA:6,(anonymous_13)
DA:1,1
DA:2,1
DA:3,1
DA:5,1
DA:6,1
DA:9,1
DA:10,3
DA:13,1
DA:14,6
DA:15,1
DA:16,3
DA:17,1
DA:20,1
DA:21,6
DA:22,1
DA:23,3
DA:24,1
DA:27,1
DA:28,6
DA:29,1
DA:30,1
DA:31,6
DA:32,36
DA:33,36
DA:34,6
DA:36,6
DA:39,1
LF:27
LH:27
BRDA:32,0,0,14
BRDA:32,0,1,22
BRF:2
BRH:2
end_of_record
TN:
SF:src\utils\middleware.js
FN:4,(anonymous_0)
FN:16,(anonymous_1)
FN:26,(anonymous_2)
FNF:3
FNH:3
FNDA:5,(anonymous_0)
FNDA:22,(anonymous_1)
FNDA:8,(anonymous_2)
DA:1,3
DA:2,3
DA:4,3
DA:5,5
DA:7,5
DA:8,4
DA:9,1
DA:10,1
DA:13,5
DA:16,3
DA:17,22
DA:19,22
DA:20,6
DA:23,22
DA:26,3
DA:27,8
DA:28,2
DA:33,6
DA:34,5
DA:36,5
DA:39,3
LF:21
LH:21
BRDA:7,0,0,4
BRDA:7,0,1,1
BRDA:9,1,0,1
BRDA:9,1,1,0
BRDA:19,2,0,6
BRDA:19,2,1,16
BRDA:19,3,0,22
BRDA:19,3,1,6
BRDA:27,4,0,2
BRDA:27,4,1,6
BRF:10
BRH:9
end_of_record
